Build started 06/03/2014 11:50:22 AM.
     1>Project "C:\Users\Developer\Desktop\mandala3d\ext\libpng-1.6.3\projects\vstudio\pngunknown\pngunknown.vcxproj" on node 3 (Build target(s)).
     1>ClCompile:
         C:\Program Files (x86)\Microsoft Visual Studio 12.0\VC\bin\CL.exe /c /I"..\..\..\..\zlib-1.2.5" /I..\..\..\scripts /Zi /nologo /W4 /WX /Od /Oi /Oy- /D WIN32 /D _DEBUG /D _CONSOLE /D _UNICODE /D UNICODE /GF /Gm- /EHsc /RTC1 /MTd /GS /Gy- /fp:precise /fp:except- /Zc:wchar_t /Zc:forScope /Fo"Debug Library\\" /Fd"Debug Library\vc120.pdb" /FR"Debug Library\\" /Gd /TC /wd4996 /wd4127 /analyze- /errorReport:prompt ..\..\..\contrib\libtests\pngunknown.c
         pngunknown.c
       Link:
         C:\Program Files (x86)\Microsoft Visual Studio 12.0\VC\bin\link.exe /ERRORREPORT:PROMPT /OUT:"C:\Users\Developer\Desktop\mandala3d\ext\libpng-1.6.3\projects\vstudio\Debug Library\pngunknown.exe" /INCREMENTAL:NO /NOLOGO /LIBPATH:"C:\Users\Developer\Desktop\mandala3d\ext\libpng-1.6.3\projects\vstudio\Debug Library\\" libpng16.lib zlib.lib /MANIFEST /MANIFESTUAC:"level='asInvoker' uiAccess='false'" /manifest:embed /DEBUG /PDB:"C:\Users\Developer\Desktop\mandala3d\ext\libpng-1.6.3\projects\vstudio\Debug Library\pngunknown.pdb" /SUBSYSTEM:CONSOLE /TLBID:1 /DYNAMICBASE /NXCOMPAT /IMPLIB:"C:\Users\Developer\Desktop\mandala3d\ext\libpng-1.6.3\projects\vstudio\Debug Library\pngunknown.lib" /MACHINE:X86 /SAFESEH "Debug Library\pngunknown.obj"
         pngunknown.vcxproj -> C:\Users\Developer\Desktop\mandala3d\ext\libpng-1.6.3\projects\vstudio\Debug Library\pngunknown.exe
       BscMake:
         C:\Program Files (x86)\Microsoft Visual Studio 12.0\VC\bin\bscmake.exe /nologo /o"C:\Users\Developer\Desktop\mandala3d\ext\libpng-1.6.3\projects\vstudio\Debug Library\pngunknown.bsc" "Debug Library\pngunknown.sbr"
       CustomBuildStep:
         "C:\Users\Developer\Desktop\mandala3d\ext\libpng-1.6.3\projects\vstudio\Debug Library\pngunknown.exe" --strict --default --touch "Debug Library\pngunknown.out" ../../../pngtest.png
         :VCEnd
         PASS: C:\Users\Developer\Desktop\mandala3d\ext\libpng-1.6.3\projects\vstudio\Debug Library\pngunknown.exe discard
         PASS: C:\Users\Developer\Desktop\mandala3d\ext\libpng-1.6.3\projects\vstudio\Debug Library\pngunknown.exe save
         PASS: C:\Users\Developer\Desktop\mandala3d\ext\libpng-1.6.3\projects\vstudio\Debug Library\pngunknown.exe if-safe
         PASS: C:\Users\Developer\Desktop\mandala3d\ext\libpng-1.6.3\projects\vstudio\Debug Library\pngunknown.exe vpAg
         PASS: C:\Users\Developer\Desktop\mandala3d\ext\libpng-1.6.3\projects\vstudio\Debug Library\pngunknown.exe sTER
         PASS: C:\Users\Developer\Desktop\mandala3d\ext\libpng-1.6.3\projects\vstudio\Debug Library\pngunknown.exe IDAT
         PASS: C:\Users\Developer\Desktop\mandala3d\ext\libpng-1.6.3\projects\vstudio\Debug Library\pngunknown.exe sAPI
     1>Done Building Project "C:\Users\Developer\Desktop\mandala3d\ext\libpng-1.6.3\projects\vstudio\pngunknown\pngunknown.vcxproj" (Build target(s)).

Build succeeded.

Time Elapsed 00:00:02.25
